[debug] [2023-10-09T00:46:32.877Z] ----------------------------------------------------------------------
[debug] [2023-10-09T00:46:32.880Z] Command:       C:\Program Files\nodejs\node.exe C:\Users\ethio\AppData\Roaming\npm\node_modules\firebase-tools\lib\bin\firebase.js emulators:start
[debug] [2023-10-09T00:46:32.880Z] CLI Version:   12.5.4
[debug] [2023-10-09T00:46:32.881Z] Platform:      win32
[debug] [2023-10-09T00:46:32.881Z] Node Version:  v18.17.0
[debug] [2023-10-09T00:46:32.882Z] Time:          Sun Oct 08 2023 17:46:32 GMT-0700 (Pacific Daylight Time)
[debug] [2023-10-09T00:46:32.882Z] ----------------------------------------------------------------------
[debug] 
[debug] [2023-10-09T00:46:33.047Z] > command requires scopes: ["email","openid","https://www.googleapis.com/auth/cloudplatformprojects.readonly","https://www.googleapis.com/auth/firebase","https://www.googleapis.com/auth/cloud-platform"]
[debug] [2023-10-09T00:46:33.056Z] > authorizing via signed-in user (ethiogigi@gmail.com)
[info] i  emulators: Starting emulators: functions {"metadata":{"emulator":{"name":"hub"},"message":"Starting emulators: functions"}}
[debug] [2023-10-09T00:46:33.072Z] [logging] Logging Emulator only supports listening on one address (127.0.0.1). Not listening on ::1
[warn] !  ui: Emulator UI unable to start on port 4000, starting on 4001 instead. {"metadata":{"emulator":{"name":"ui"},"message":"Emulator UI unable to start on port 4000, starting on 4001 instead."}}
[debug] [2023-10-09T00:46:33.075Z] assigned listening specs for emulators {"user":{"hub":[{"address":"127.0.0.1","family":"IPv4","port":4400},{"address":"::1","family":"IPv6","port":4400}],"logging":[{"address":"127.0.0.1","family":"IPv4","port":4500}],"ui":[{"address":"127.0.0.1","family":"IPv4","port":4001},{"address":"::1","family":"IPv6","port":4001}]},"metadata":{"message":"assigned listening specs for emulators"}}
[warn] !  emulators: It seems that you are running multiple instances of the emulator suite for project clon-8fe2a. This may result in unexpected behavior. 
[debug] [2023-10-09T00:46:33.095Z] [hub] writing locator at C:\Users\ethio\AppData\Local\Temp\hub-clon-8fe2a.json
[debug] [2023-10-09T00:46:33.128Z] [functions] Functions Emulator only supports listening on one address (127.0.0.1). Not listening on ::1
[debug] [2023-10-09T00:46:33.128Z] [eventarc] Eventarc Emulator only supports listening on one address (127.0.0.1). Not listening on ::1
[debug] [2023-10-09T00:46:33.128Z] late-assigned ports for functions and eventarc emulators {"user":{"hub":[{"address":"127.0.0.1","family":"IPv4","port":4400},{"address":"::1","family":"IPv6","port":4400}],"logging":[{"address":"127.0.0.1","family":"IPv4","port":4500}],"ui":[{"address":"127.0.0.1","family":"IPv4","port":4001},{"address":"::1","family":"IPv6","port":4001}],"functions":[{"address":"127.0.0.1","family":"IPv4","port":5001}],"eventarc":[{"address":"127.0.0.1","family":"IPv4","port":9299}]},"metadata":{"message":"late-assigned ports for functions and eventarc emulators"}}
[warn] !  functions: The following emulators are not running, calls to these services from the Functions emulator will affect production: auth, firestore, database, hosting, pubsub, storage {"metadata":{"emulator":{"name":"functions"},"message":"The following emulators are not running, calls to these services from the Functions emulator will affect production: \u001b[1mauth, firestore, database, hosting, pubsub, storage\u001b[22m"}}
[debug] [2023-10-09T00:46:33.135Z] defaultcredentials: writing to file C:\Users\ethio\AppData\Roaming\firebase\ethiogigi_gmail_com_application_default_credentials.json
[debug] [2023-10-09T00:46:33.140Z] Setting GAC to C:\Users\ethio\AppData\Roaming\firebase\ethiogigi_gmail_com_application_default_credentials.json {"metadata":{"emulator":{"name":"functions"},"message":"Setting GAC to C:\\Users\\ethio\\AppData\\Roaming\\firebase\\ethiogigi_gmail_com_application_default_credentials.json"}}
[debug] [2023-10-09T00:46:33.141Z] > refreshing access token with scopes: []
[debug] [2023-10-09T00:46:33.144Z] >>> [apiv2][query] POST https://www.googleapis.com/oauth2/v3/token [none]
[debug] [2023-10-09T00:46:33.144Z] >>> [apiv2][body] POST https://www.googleapis.com/oauth2/v3/token [omitted]
[debug] [2023-10-09T00:46:33.311Z] <<< [apiv2][status] POST https://www.googleapis.com/oauth2/v3/token 200
[debug] [2023-10-09T00:46:33.311Z] <<< [apiv2][body] POST https://www.googleapis.com/oauth2/v3/token [omitted]
[debug] [2023-10-09T00:46:33.324Z] >>> [apiv2][query] GET https://firebase.googleapis.com/v1beta1/projects/clon-8fe2a/adminSdkConfig [none]
[debug] [2023-10-09T00:46:33.781Z] <<< [apiv2][status] GET https://firebase.googleapis.com/v1beta1/projects/clon-8fe2a/adminSdkConfig 403
[debug] [2023-10-09T00:46:33.781Z] <<< [apiv2][body] GET https://firebase.googleapis.com/v1beta1/projects/clon-8fe2a/adminSdkConfig {"error":{"code":403,"message":"The caller does not have permission","status":"PERMISSION_DENIED"}}
[debug] [2023-10-09T00:46:33.782Z] Failed to get Admin SDK config for clon-8fe2a, falling back to cache Failed to get Admin SDK for Firebase project clon-8fe2a. Please make sure the project exists and your account has permission to access it. {"name":"FirebaseError","children":[],"exit":2,"message":"Failed to get Admin SDK for Firebase project clon-8fe2a. Please make sure the project exists and your account has permission to access it.","original":{"name":"FirebaseError","children":[],"context":{"body":{"error":{"code":403,"message":"The caller does not have permission","status":"PERMISSION_DENIED"}},"response":{"statusCode":403}},"exit":1,"message":"HTTP Error: 403, The caller does not have permission","status":403},"status":500}
[warn] !  functions: Unable to fetch project Admin SDK configuration, Admin SDK behavior in Cloud Functions emulator may be incorrect. {"metadata":{"emulator":{"name":"functions"},"message":"Unable to fetch project Admin SDK configuration, Admin SDK behavior in Cloud Functions emulator may be incorrect."}}
[debug] [2023-10-09T00:46:33.803Z] Ignoring unsupported arg: auto_download {"metadata":{"emulator":{"name":"ui"},"message":"Ignoring unsupported arg: auto_download"}}
[debug] [2023-10-09T00:46:33.803Z] Ignoring unsupported arg: port {"metadata":{"emulator":{"name":"ui"},"message":"Ignoring unsupported arg: port"}}
[debug] [2023-10-09T00:46:33.803Z] Starting Emulator UI with command {"binary":"node","args":["C:\\Users\\ethio\\.cache\\firebase\\emulators\\ui-v1.11.7\\server\\server.js"],"optionalArgs":[],"joinArgs":false} {"metadata":{"emulator":{"name":"ui"},"message":"Starting Emulator UI with command {\"binary\":\"node\",\"args\":[\"C:\\\\Users\\\\ethio\\\\.cache\\\\firebase\\\\emulators\\\\ui-v1.11.7\\\\server\\\\server.js\"],\"optionalArgs\":[],\"joinArgs\":false}"}}
[info] i  ui: Emulator UI logging to ui-debug.log {"metadata":{"emulator":{"name":"ui"},"message":"Emulator UI logging to \u001b[1mui-debug.log\u001b[22m"}}
[debug] [2023-10-09T00:46:35.065Z] Web / API server started at 127.0.0.1:4001
 {"metadata":{"emulator":{"name":"ui"},"message":"Web / API server started at 127.0.0.1:4001\n"}}
[debug] [2023-10-09T00:46:35.066Z] Web / API server started at ::1:4001
 {"metadata":{"emulator":{"name":"ui"},"message":"Web / API server started at ::1:4001\n"}}
[info] i  functions: Watching "C:\Users\ethio\OneDrive\Resources\Desktop\Evangadi\phase-3\Amazon-clon\amazon-clon\functions" for Cloud Functions... {"metadata":{"emulator":{"name":"functions"},"message":"Watching \"C:\\Users\\ethio\\OneDrive\\Resources\\Desktop\\Evangadi\\phase-3\\Amazon-clon\\amazon-clon\\functions\" for Cloud Functions..."}}
[debug] [2023-10-09T00:46:35.155Z] Validating nodejs source
[warn] !  functions: package.json indicates an outdated version of firebase-functions. Please upgrade using npm install --save firebase-functions@latest in your functions directory. 
[debug] [2023-10-09T00:46:38.928Z] > [functions] package.json contents: {
  "name": "functions",
  "description": "Cloud Functions for Firebase",
  "scripts": {
    "lint": "eslint .",
    "serve": "firebase emulators:start --only functions",
    "shell": "firebase functions:shell",
    "start": "npm run shell",
    "deploy": "firebase deploy --only functions",
    "logs": "firebase functions:log"
  },
  "engines": {
    "node": "16"
  },
  "main": "index.js",
  "dependencies": {
    "cors": "^2.8.5",
    "express": "^4.18.2",
    "firebase-admin": "^11.5.0",
    "firebase-functions": "^4.2.0",
    "stripe": "^11.12.0"
  },
  "devDependencies": {
    "eslint": "^8.15.0",
    "eslint-config-google": "^0.14.0",
    "firebase-functions-test": "^3.0.0"
  },
  "private": true
}
[debug] [2023-10-09T00:46:38.928Z] Building nodejs source
[debug] [2023-10-09T00:46:38.928Z] Failed to find version of module node: reached end of search path C:\Users\ethio\OneDrive\Resources\Desktop\Evangadi\phase-3\Amazon-clon\amazon-clon\functions\node_modules
[warn] !  functions: Your requested "node" version "16" doesn't match your global version "18". Using node@18 from host. 
[debug] [2023-10-09T00:46:38.931Z] Could not find functions.yaml. Must use http discovery
[debug] [2023-10-09T00:46:38.940Z] Found firebase-functions binary at 'C:\Users\ethio\OneDrive\Resources\Desktop\Evangadi\phase-3\Amazon-clon\amazon-clon\functions\node_modules\.bin\firebase-functions'
[info] Serving at port 8197

[debug] [2023-10-09T00:46:41.127Z] Got response from /__/functions.yaml {"endpoints":{"api":{"platform":"gcfv1","availableMemoryMb":null,"timeoutSeconds":null,"minInstances":null,"maxInstances":null,"ingressSettings":null,"serviceAccountEmail":null,"vpc":null,"httpsTrigger":{},"entryPoint":"api"}},"specVersion":"v1alpha1","requiredAPIs":[]}
[info] shutdown requested via /__/quitquitquit

[info] +  functions: Loaded functions definitions from source: api. {"metadata":{"emulator":{"name":"functions"},"message":"Loaded functions definitions from source: api."}}
[info] +  functions[us-central1-api]: http function initialized (http://127.0.0.1:5001/clon-8fe2a/us-central1/api). {"metadata":{"emulator":{"name":"functions"},"message":"\u001b[1mhttp\u001b[22m function initialized (http://127.0.0.1:5001/clon-8fe2a/us-central1/api)."}}
[info] 
┌─────────────────────────────────────────────────────────────┐
│ ✔  All emulators ready! It is now safe to connect your app. │
│ i  View Emulator UI at http://127.0.0.1:4001/               │
└─────────────────────────────────────────────────────────────┘

┌───────────┬────────────────┬─────────────────────────────────┐
│ Emulator  │ Host:Port      │ View in Emulator UI             │
├───────────┼────────────────┼─────────────────────────────────┤
│ Functions │ 127.0.0.1:5001 │ http://127.0.0.1:4001/functions │
└───────────┴────────────────┴─────────────────────────────────┘
  Emulator Hub running at 127.0.0.1:4400
  Other reserved ports: 4500

Issues? Report them at https://github.com/firebase/firebase-tools/issues and attach the *-debug.log files.
 
[debug] [2023-10-09T00:51:05.645Z] [work-queue] {"queuedWork":["/clon-8fe2a/us-central1/api/payments/create-2023-10-09T00:51:05.644Z"],"queueLength":1,"runningWork":[],"workRunningCount":0}
[debug] [2023-10-09T00:51:05.645Z] [work-queue] {"queuedWork":[],"queueLength":0,"runningWork":["/clon-8fe2a/us-central1/api/payments/create-2023-10-09T00:51:05.644Z"],"workRunningCount":1}
[debug] [2023-10-09T00:51:05.646Z] Accepted request POST /clon-8fe2a/us-central1/api/payments/create?total=32999 --> us-central1-api
[debug] [2023-10-09T00:51:05.651Z] [functions] Runtime ready! Sending request! {"metadata":{"emulator":{"name":"functions"},"message":"[functions] Runtime ready! Sending request!"}}
[debug] [2023-10-09T00:51:05.652Z] [functions] Got req.url=/clon-8fe2a/us-central1/api/payments/create?total=32999, mapping to path=/payments/create?total=32999 {"metadata":{"emulator":{"name":"functions"},"message":"[functions] Got req.url=/clon-8fe2a/us-central1/api/payments/create?total=32999, mapping to path=/payments/create?total=32999"}}
[debug] [2023-10-09T00:51:06.896Z] [worker-pool] addWorker(us-central1-api) {"metadata":{"emulator":{"name":"functions"},"message":"[worker-pool] addWorker(us-central1-api)"}}
[debug] [2023-10-09T00:51:06.897Z] [worker-pool] Adding worker with key us-central1-api, total=1 {"metadata":{"emulator":{"name":"functions"},"message":"[worker-pool] Adding worker with key us-central1-api, total=1"}}
[debug] [2023-10-09T00:51:06.903Z] [work-queue] {"queuedWork":["/clon-8fe2a/us-central1/api/payments/create-2023-10-09T00:51:06.902Z"],"queueLength":1,"runningWork":["/clon-8fe2a/us-central1/api/payments/create-2023-10-09T00:51:05.644Z"],"workRunningCount":1}
[debug] [2023-10-09T00:51:06.903Z] [work-queue] {"queuedWork":[],"queueLength":0,"runningWork":["/clon-8fe2a/us-central1/api/payments/create-2023-10-09T00:51:05.644Z","/clon-8fe2a/us-central1/api/payments/create-2023-10-09T00:51:06.902Z"],"workRunningCount":2}
[debug] [2023-10-09T00:51:06.903Z] Accepted request POST /clon-8fe2a/us-central1/api/payments/create?total=32999 --> us-central1-api
[debug] [2023-10-09T00:51:06.907Z] [functions] Runtime ready! Sending request! {"metadata":{"emulator":{"name":"functions"},"message":"[functions] Runtime ready! Sending request!"}}
[debug] [2023-10-09T00:51:06.908Z] [functions] Got req.url=/clon-8fe2a/us-central1/api/payments/create?total=32999, mapping to path=/payments/create?total=32999 {"metadata":{"emulator":{"name":"functions"},"message":"[functions] Got req.url=/clon-8fe2a/us-central1/api/payments/create?total=32999, mapping to path=/payments/create?total=32999"}}
[debug] [2023-10-09T00:51:08.075Z] [worker-pool] addWorker(us-central1-api) {"metadata":{"emulator":{"name":"functions"},"message":"[worker-pool] addWorker(us-central1-api)"}}
[debug] [2023-10-09T00:51:08.076Z] [worker-pool] Adding worker with key us-central1-api, total=2 {"metadata":{"emulator":{"name":"functions"},"message":"[worker-pool] Adding worker with key us-central1-api, total=2"}}
[debug] [2023-10-09T00:51:09.019Z] [runtime-status] [10476] Resolved module firebase-admin {"declared":true,"installed":true,"version":"11.5.0","resolution":"C:\\Users\\ethio\\OneDrive\\Resources\\Desktop\\Evangadi\\phase-3\\Amazon-clon\\amazon-clon\\functions\\node_modules\\firebase-admin\\lib\\index.js"} {"metadata":{"emulator":{"name":"functions"},"function":{"name":"us-central1-api"},"extension":{},"message":"[runtime-status] [10476] Resolved module firebase-admin {\"declared\":true,\"installed\":true,\"version\":\"11.5.0\",\"resolution\":\"C:\\\\Users\\\\ethio\\\\OneDrive\\\\Resources\\\\Desktop\\\\Evangadi\\\\phase-3\\\\Amazon-clon\\\\amazon-clon\\\\functions\\\\node_modules\\\\firebase-admin\\\\lib\\\\index.js\"}"}}
[debug] [2023-10-09T00:51:09.021Z] [runtime-status] [10476] Resolved module firebase-functions {"declared":true,"installed":true,"version":"4.2.1","resolution":"C:\\Users\\ethio\\OneDrive\\Resources\\Desktop\\Evangadi\\phase-3\\Amazon-clon\\amazon-clon\\functions\\node_modules\\firebase-functions\\lib\\v1\\index.js"} {"metadata":{"emulator":{"name":"functions"},"function":{"name":"us-central1-api"},"extension":{},"message":"[runtime-status] [10476] Resolved module firebase-functions {\"declared\":true,\"installed\":true,\"version\":\"4.2.1\",\"resolution\":\"C:\\\\Users\\\\ethio\\\\OneDrive\\\\Resources\\\\Desktop\\\\Evangadi\\\\phase-3\\\\Amazon-clon\\\\amazon-clon\\\\functions\\\\node_modules\\\\firebase-functions\\\\lib\\\\v1\\\\index.js\"}"}}
[debug] [2023-10-09T00:51:09.022Z] [runtime-status] [10476] Outgoing network have been stubbed. [{"name":"http","status":"mocked"},{"name":"http","status":"mocked"},{"name":"https","status":"mocked"},{"name":"https","status":"mocked"},{"name":"net","status":"mocked"}] {"metadata":{"emulator":{"name":"functions"},"function":{"name":"us-central1-api"},"extension":{},"message":"[runtime-status] [10476] Outgoing network have been stubbed. [{\"name\":\"http\",\"status\":\"mocked\"},{\"name\":\"http\",\"status\":\"mocked\"},{\"name\":\"https\",\"status\":\"mocked\"},{\"name\":\"https\",\"status\":\"mocked\"},{\"name\":\"net\",\"status\":\"mocked\"}]"}}
[debug] [2023-10-09T00:51:09.023Z] [runtime-status] [10476] Resolved module firebase-functions {"declared":true,"installed":true,"version":"4.2.1","resolution":"C:\\Users\\ethio\\OneDrive\\Resources\\Desktop\\Evangadi\\phase-3\\Amazon-clon\\amazon-clon\\functions\\node_modules\\firebase-functions\\lib\\v1\\index.js"} {"metadata":{"emulator":{"name":"functions"},"function":{"name":"us-central1-api"},"extension":{},"message":"[runtime-status] [10476] Resolved module firebase-functions {\"declared\":true,\"installed\":true,\"version\":\"4.2.1\",\"resolution\":\"C:\\\\Users\\\\ethio\\\\OneDrive\\\\Resources\\\\Desktop\\\\Evangadi\\\\phase-3\\\\Amazon-clon\\\\amazon-clon\\\\functions\\\\node_modules\\\\firebase-functions\\\\lib\\\\v1\\\\index.js\"}"}}
[debug] [2023-10-09T00:51:09.450Z] [runtime-status] [10476] Checked functions.config() {"config":{}} {"metadata":{"emulator":{"name":"functions"},"function":{"name":"us-central1-api"},"extension":{},"message":"[runtime-status] [10476] Checked functions.config() {\"config\":{}}"}}
[debug] [2023-10-09T00:51:09.450Z] [runtime-status] [10476] firebase-functions has been stubbed. {"functionsResolution":{"declared":true,"installed":true,"version":"4.2.1","resolution":"C:\\Users\\ethio\\OneDrive\\Resources\\Desktop\\Evangadi\\phase-3\\Amazon-clon\\amazon-clon\\functions\\node_modules\\firebase-functions\\lib\\v1\\index.js"}} {"metadata":{"emulator":{"name":"functions"},"function":{"name":"us-central1-api"},"extension":{},"message":"[runtime-status] [10476] firebase-functions has been stubbed. {\"functionsResolution\":{\"declared\":true,\"installed\":true,\"version\":\"4.2.1\",\"resolution\":\"C:\\\\Users\\\\ethio\\\\OneDrive\\\\Resources\\\\Desktop\\\\Evangadi\\\\phase-3\\\\Amazon-clon\\\\amazon-clon\\\\functions\\\\node_modules\\\\firebase-functions\\\\lib\\\\v1\\\\index.js\"}}"}}
[debug] [2023-10-09T00:51:09.452Z] [runtime-status] [10476] Resolved module firebase-functions {"declared":true,"installed":true,"version":"4.2.1","resolution":"C:\\Users\\ethio\\OneDrive\\Resources\\Desktop\\Evangadi\\phase-3\\Amazon-clon\\amazon-clon\\functions\\node_modules\\firebase-functions\\lib\\v1\\index.js"} {"metadata":{"emulator":{"name":"functions"},"function":{"name":"us-central1-api"},"extension":{},"message":"[runtime-status] [10476] Resolved module firebase-functions {\"declared\":true,\"installed\":true,\"version\":\"4.2.1\",\"resolution\":\"C:\\\\Users\\\\ethio\\\\OneDrive\\\\Resources\\\\Desktop\\\\Evangadi\\\\phase-3\\\\Amazon-clon\\\\amazon-clon\\\\functions\\\\node_modules\\\\firebase-functions\\\\lib\\\\v1\\\\index.js\"}"}}
[debug] [2023-10-09T00:51:09.454Z] [runtime-status] [10476] Resolved module firebase-admin {"declared":true,"installed":true,"version":"11.5.0","resolution":"C:\\Users\\ethio\\OneDrive\\Resources\\Desktop\\Evangadi\\phase-3\\Amazon-clon\\amazon-clon\\functions\\node_modules\\firebase-admin\\lib\\index.js"} {"metadata":{"emulator":{"name":"functions"},"function":{"name":"us-central1-api"},"extension":{},"message":"[runtime-status] [10476] Resolved module firebase-admin {\"declared\":true,\"installed\":true,\"version\":\"11.5.0\",\"resolution\":\"C:\\\\Users\\\\ethio\\\\OneDrive\\\\Resources\\\\Desktop\\\\Evangadi\\\\phase-3\\\\Amazon-clon\\\\amazon-clon\\\\functions\\\\node_modules\\\\firebase-admin\\\\lib\\\\index.js\"}"}}
[debug] [2023-10-09T00:51:09.461Z] [runtime-status] [10476] Resolved module firebase-functions {"declared":true,"installed":true,"version":"4.2.1","resolution":"C:\\Users\\ethio\\OneDrive\\Resources\\Desktop\\Evangadi\\phase-3\\Amazon-clon\\amazon-clon\\functions\\node_modules\\firebase-functions\\lib\\v1\\index.js"} {"metadata":{"emulator":{"name":"functions"},"function":{"name":"us-central1-api"},"extension":{},"message":"[runtime-status] [10476] Resolved module firebase-functions {\"declared\":true,\"installed\":true,\"version\":\"4.2.1\",\"resolution\":\"C:\\\\Users\\\\ethio\\\\OneDrive\\\\Resources\\\\Desktop\\\\Evangadi\\\\phase-3\\\\Amazon-clon\\\\amazon-clon\\\\functions\\\\node_modules\\\\firebase-functions\\\\lib\\\\v1\\\\index.js\"}"}}
[debug] [2023-10-09T00:51:09.462Z] [runtime-status] [10476] firebase-admin has been stubbed. {"adminResolution":{"declared":true,"installed":true,"version":"11.5.0","resolution":"C:\\Users\\ethio\\OneDrive\\Resources\\Desktop\\Evangadi\\phase-3\\Amazon-clon\\amazon-clon\\functions\\node_modules\\firebase-admin\\lib\\index.js"}} {"metadata":{"emulator":{"name":"functions"},"function":{"name":"us-central1-api"},"extension":{},"message":"[runtime-status] [10476] firebase-admin has been stubbed. {\"adminResolution\":{\"declared\":true,\"installed\":true,\"version\":\"11.5.0\",\"resolution\":\"C:\\\\Users\\\\ethio\\\\OneDrive\\\\Resources\\\\Desktop\\\\Evangadi\\\\phase-3\\\\Amazon-clon\\\\amazon-clon\\\\functions\\\\node_modules\\\\firebase-admin\\\\lib\\\\index.js\"}}"}}
[debug] [2023-10-09T00:51:09.801Z] [runtime-status] [10476] Functions runtime initialized. {"cwd":"C:\\Users\\ethio\\OneDrive\\Resources\\Desktop\\Evangadi\\phase-3\\Amazon-clon\\amazon-clon\\functions","node_version":"18.17.0"} {"metadata":{"emulator":{"name":"functions"},"function":{"name":"us-central1-api"},"extension":{},"message":"[runtime-status] [10476] Functions runtime initialized. {\"cwd\":\"C:\\\\Users\\\\ethio\\\\OneDrive\\\\Resources\\\\Desktop\\\\Evangadi\\\\phase-3\\\\Amazon-clon\\\\amazon-clon\\\\functions\",\"node_version\":\"18.17.0\"}"}}
[debug] [2023-10-09T00:51:09.802Z] [runtime-status] [10476] Listening to port: \\?\pipe\fire_emu_8c750bd873d1c0a8 {"metadata":{"emulator":{"name":"functions"},"function":{"name":"us-central1-api"},"extension":{},"message":"[runtime-status] [10476] Listening to port: \\\\?\\pipe\\fire_emu_8c750bd873d1c0a8"}}
[debug] [2023-10-09T00:51:09.843Z] [worker-us-central1-api-44f9ecb4-0be5-4953-8896-46fbff431936]: IDLE {"metadata":{"emulator":{"name":"functions"},"function":{"name":"us-central1-api"},"extension":{},"message":"[worker-us-central1-api-44f9ecb4-0be5-4953-8896-46fbff431936]: IDLE"}}
[debug] [2023-10-09T00:51:09.843Z] [worker-pool] submitRequest(triggerId=us-central1-api) {"metadata":{"emulator":{"name":"functions"},"message":"[worker-pool] submitRequest(triggerId=us-central1-api)"}}
[info] i  functions: Beginning execution of "us-central1-api" {"metadata":{"emulator":{"name":"functions"},"function":{"name":"us-central1-api"},"extension":{},"message":"Beginning execution of \"us-central1-api\""}}
[debug] [2023-10-09T00:51:09.845Z] [worker-us-central1-api-44f9ecb4-0be5-4953-8896-46fbff431936]: BUSY {"metadata":{"emulator":{"name":"functions"},"function":{"name":"us-central1-api"},"extension":{},"message":"[worker-us-central1-api-44f9ecb4-0be5-4953-8896-46fbff431936]: BUSY"}}
[info] >  Payment Request Recieved BOOM!!! for this amount >>>  32999 {"user":"Payment Request Recieved BOOM!!! for this amount >>>  32999","metadata":{"emulator":{"name":"functions"},"function":{"name":"us-central1-api"},"extension":{},"message":"\u001b[90m> \u001b[39m Payment Request Recieved BOOM!!! for this amount >>>  32999"}}
[debug] [2023-10-09T00:51:10.225Z] [runtime-status] [30096] Resolved module firebase-admin {"declared":true,"installed":true,"version":"11.5.0","resolution":"C:\\Users\\ethio\\OneDrive\\Resources\\Desktop\\Evangadi\\phase-3\\Amazon-clon\\amazon-clon\\functions\\node_modules\\firebase-admin\\lib\\index.js"} {"metadata":{"emulator":{"name":"functions"},"function":{"name":"us-central1-api"},"extension":{},"message":"[runtime-status] [30096] Resolved module firebase-admin {\"declared\":true,\"installed\":true,\"version\":\"11.5.0\",\"resolution\":\"C:\\\\Users\\\\ethio\\\\OneDrive\\\\Resources\\\\Desktop\\\\Evangadi\\\\phase-3\\\\Amazon-clon\\\\amazon-clon\\\\functions\\\\node_modules\\\\firebase-admin\\\\lib\\\\index.js\"}"}}
[debug] [2023-10-09T00:51:10.227Z] [runtime-status] [30096] Resolved module firebase-functions {"declared":true,"installed":true,"version":"4.2.1","resolution":"C:\\Users\\ethio\\OneDrive\\Resources\\Desktop\\Evangadi\\phase-3\\Amazon-clon\\amazon-clon\\functions\\node_modules\\firebase-functions\\lib\\v1\\index.js"} {"metadata":{"emulator":{"name":"functions"},"function":{"name":"us-central1-api"},"extension":{},"message":"[runtime-status] [30096] Resolved module firebase-functions {\"declared\":true,\"installed\":true,\"version\":\"4.2.1\",\"resolution\":\"C:\\\\Users\\\\ethio\\\\OneDrive\\\\Resources\\\\Desktop\\\\Evangadi\\\\phase-3\\\\Amazon-clon\\\\amazon-clon\\\\functions\\\\node_modules\\\\firebase-functions\\\\lib\\\\v1\\\\index.js\"}"}}
[debug] [2023-10-09T00:51:10.228Z] [runtime-status] [30096] Outgoing network have been stubbed. [{"name":"http","status":"mocked"},{"name":"http","status":"mocked"},{"name":"https","status":"mocked"},{"name":"https","status":"mocked"},{"name":"net","status":"mocked"}] {"metadata":{"emulator":{"name":"functions"},"function":{"name":"us-central1-api"},"extension":{},"message":"[runtime-status] [30096] Outgoing network have been stubbed. [{\"name\":\"http\",\"status\":\"mocked\"},{\"name\":\"http\",\"status\":\"mocked\"},{\"name\":\"https\",\"status\":\"mocked\"},{\"name\":\"https\",\"status\":\"mocked\"},{\"name\":\"net\",\"status\":\"mocked\"}]"}}
[debug] [2023-10-09T00:51:10.230Z] [runtime-status] [30096] Resolved module firebase-functions {"declared":true,"installed":true,"version":"4.2.1","resolution":"C:\\Users\\ethio\\OneDrive\\Resources\\Desktop\\Evangadi\\phase-3\\Amazon-clon\\amazon-clon\\functions\\node_modules\\firebase-functions\\lib\\v1\\index.js"} {"metadata":{"emulator":{"name":"functions"},"function":{"name":"us-central1-api"},"extension":{},"message":"[runtime-status] [30096] Resolved module firebase-functions {\"declared\":true,\"installed\":true,\"version\":\"4.2.1\",\"resolution\":\"C:\\\\Users\\\\ethio\\\\OneDrive\\\\Resources\\\\Desktop\\\\Evangadi\\\\phase-3\\\\Amazon-clon\\\\amazon-clon\\\\functions\\\\node_modules\\\\firebase-functions\\\\lib\\\\v1\\\\index.js\"}"}}
[debug] [2023-10-09T00:51:10.351Z] Finishing up request with event=pause {"metadata":{"emulator":{"name":"functions"},"function":{"name":"us-central1-api"},"extension":{},"message":"Finishing up request with event=pause"}}
[info] i  functions: Finished "us-central1-api" in 507.3468ms {"metadata":{"emulator":{"name":"functions"},"function":{"name":"us-central1-api"},"extension":{},"message":"Finished \"us-central1-api\" in 507.3468ms"}}
[debug] [2023-10-09T00:51:10.358Z] [worker-us-central1-api-44f9ecb4-0be5-4953-8896-46fbff431936]: IDLE {"metadata":{"emulator":{"name":"functions"},"function":{"name":"us-central1-api"},"extension":{},"message":"[worker-us-central1-api-44f9ecb4-0be5-4953-8896-46fbff431936]: IDLE"}}
[debug] [2023-10-09T00:51:10.358Z] Finishing up request with event=finish {"metadata":{"emulator":{"name":"functions"},"function":{"name":"us-central1-api"},"extension":{},"message":"Finishing up request with event=finish"}}
[debug] [2023-10-09T00:51:10.358Z] Finishing up request with event=close {"metadata":{"emulator":{"name":"functions"},"function":{"name":"us-central1-api"},"extension":{},"message":"Finishing up request with event=close"}}
[debug] [2023-10-09T00:51:10.359Z] [work-queue] {"queuedWork":[],"queueLength":0,"runningWork":["/clon-8fe2a/us-central1/api/payments/create-2023-10-09T00:51:06.902Z"],"workRunningCount":1}
[debug] [2023-10-09T00:51:10.633Z] [runtime-status] [30096] Checked functions.config() {"config":{}} {"metadata":{"emulator":{"name":"functions"},"function":{"name":"us-central1-api"},"extension":{},"message":"[runtime-status] [30096] Checked functions.config() {\"config\":{}}"}}
[debug] [2023-10-09T00:51:10.633Z] [runtime-status] [30096] firebase-functions has been stubbed. {"functionsResolution":{"declared":true,"installed":true,"version":"4.2.1","resolution":"C:\\Users\\ethio\\OneDrive\\Resources\\Desktop\\Evangadi\\phase-3\\Amazon-clon\\amazon-clon\\functions\\node_modules\\firebase-functions\\lib\\v1\\index.js"}} {"metadata":{"emulator":{"name":"functions"},"function":{"name":"us-central1-api"},"extension":{},"message":"[runtime-status] [30096] firebase-functions has been stubbed. {\"functionsResolution\":{\"declared\":true,\"installed\":true,\"version\":\"4.2.1\",\"resolution\":\"C:\\\\Users\\\\ethio\\\\OneDrive\\\\Resources\\\\Desktop\\\\Evangadi\\\\phase-3\\\\Amazon-clon\\\\amazon-clon\\\\functions\\\\node_modules\\\\firebase-functions\\\\lib\\\\v1\\\\index.js\"}}"}}
[debug] [2023-10-09T00:51:10.634Z] [runtime-status] [30096] Resolved module firebase-functions {"declared":true,"installed":true,"version":"4.2.1","resolution":"C:\\Users\\ethio\\OneDrive\\Resources\\Desktop\\Evangadi\\phase-3\\Amazon-clon\\amazon-clon\\functions\\node_modules\\firebase-functions\\lib\\v1\\index.js"} {"metadata":{"emulator":{"name":"functions"},"function":{"name":"us-central1-api"},"extension":{},"message":"[runtime-status] [30096] Resolved module firebase-functions {\"declared\":true,\"installed\":true,\"version\":\"4.2.1\",\"resolution\":\"C:\\\\Users\\\\ethio\\\\OneDrive\\\\Resources\\\\Desktop\\\\Evangadi\\\\phase-3\\\\Amazon-clon\\\\amazon-clon\\\\functions\\\\node_modules\\\\firebase-functions\\\\lib\\\\v1\\\\index.js\"}"}}
[debug] [2023-10-09T00:51:10.636Z] [runtime-status] [30096] Resolved module firebase-admin {"declared":true,"installed":true,"version":"11.5.0","resolution":"C:\\Users\\ethio\\OneDrive\\Resources\\Desktop\\Evangadi\\phase-3\\Amazon-clon\\amazon-clon\\functions\\node_modules\\firebase-admin\\lib\\index.js"} {"metadata":{"emulator":{"name":"functions"},"function":{"name":"us-central1-api"},"extension":{},"message":"[runtime-status] [30096] Resolved module firebase-admin {\"declared\":true,\"installed\":true,\"version\":\"11.5.0\",\"resolution\":\"C:\\\\Users\\\\ethio\\\\OneDrive\\\\Resources\\\\Desktop\\\\Evangadi\\\\phase-3\\\\Amazon-clon\\\\amazon-clon\\\\functions\\\\node_modules\\\\firebase-admin\\\\lib\\\\index.js\"}"}}
[debug] [2023-10-09T00:51:10.639Z] [runtime-status] [30096] Resolved module firebase-functions {"declared":true,"installed":true,"version":"4.2.1","resolution":"C:\\Users\\ethio\\OneDrive\\Resources\\Desktop\\Evangadi\\phase-3\\Amazon-clon\\amazon-clon\\functions\\node_modules\\firebase-functions\\lib\\v1\\index.js"} {"metadata":{"emulator":{"name":"functions"},"function":{"name":"us-central1-api"},"extension":{},"message":"[runtime-status] [30096] Resolved module firebase-functions {\"declared\":true,\"installed\":true,\"version\":\"4.2.1\",\"resolution\":\"C:\\\\Users\\\\ethio\\\\OneDrive\\\\Resources\\\\Desktop\\\\Evangadi\\\\phase-3\\\\Amazon-clon\\\\amazon-clon\\\\functions\\\\node_modules\\\\firebase-functions\\\\lib\\\\v1\\\\index.js\"}"}}
[debug] [2023-10-09T00:51:10.640Z] [runtime-status] [30096] firebase-admin has been stubbed. {"adminResolution":{"declared":true,"installed":true,"version":"11.5.0","resolution":"C:\\Users\\ethio\\OneDrive\\Resources\\Desktop\\Evangadi\\phase-3\\Amazon-clon\\amazon-clon\\functions\\node_modules\\firebase-admin\\lib\\index.js"}} {"metadata":{"emulator":{"name":"functions"},"function":{"name":"us-central1-api"},"extension":{},"message":"[runtime-status] [30096] firebase-admin has been stubbed. {\"adminResolution\":{\"declared\":true,\"installed\":true,\"version\":\"11.5.0\",\"resolution\":\"C:\\\\Users\\\\ethio\\\\OneDrive\\\\Resources\\\\Desktop\\\\Evangadi\\\\phase-3\\\\Amazon-clon\\\\amazon-clon\\\\functions\\\\node_modules\\\\firebase-admin\\\\lib\\\\index.js\"}}"}}
[debug] [2023-10-09T00:51:10.910Z] [runtime-status] [30096] Functions runtime initialized. {"cwd":"C:\\Users\\ethio\\OneDrive\\Resources\\Desktop\\Evangadi\\phase-3\\Amazon-clon\\amazon-clon\\functions","node_version":"18.17.0"} {"metadata":{"emulator":{"name":"functions"},"function":{"name":"us-central1-api"},"extension":{},"message":"[runtime-status] [30096] Functions runtime initialized. {\"cwd\":\"C:\\\\Users\\\\ethio\\\\OneDrive\\\\Resources\\\\Desktop\\\\Evangadi\\\\phase-3\\\\Amazon-clon\\\\amazon-clon\\\\functions\",\"node_version\":\"18.17.0\"}"}}
[debug] [2023-10-09T00:51:10.911Z] [runtime-status] [30096] Listening to port: \\?\pipe\fire_emu_48af0823f981c57f {"metadata":{"emulator":{"name":"functions"},"function":{"name":"us-central1-api"},"extension":{},"message":"[runtime-status] [30096] Listening to port: \\\\?\\pipe\\fire_emu_48af0823f981c57f"}}
[debug] [2023-10-09T00:51:10.938Z] [worker-us-central1-api-a11275b8-a2b5-4e3e-a64a-ff822359fa77]: IDLE {"metadata":{"emulator":{"name":"functions"},"function":{"name":"us-central1-api"},"extension":{},"message":"[worker-us-central1-api-a11275b8-a2b5-4e3e-a64a-ff822359fa77]: IDLE"}}
[debug] [2023-10-09T00:51:10.938Z] [worker-pool] submitRequest(triggerId=us-central1-api) {"metadata":{"emulator":{"name":"functions"},"message":"[worker-pool] submitRequest(triggerId=us-central1-api)"}}
[info] i  functions: Beginning execution of "us-central1-api" {"metadata":{"emulator":{"name":"functions"},"function":{"name":"us-central1-api"},"extension":{},"message":"Beginning execution of \"us-central1-api\""}}
[debug] [2023-10-09T00:51:10.939Z] [worker-us-central1-api-44f9ecb4-0be5-4953-8896-46fbff431936]: BUSY {"metadata":{"emulator":{"name":"functions"},"function":{"name":"us-central1-api"},"extension":{},"message":"[worker-us-central1-api-44f9ecb4-0be5-4953-8896-46fbff431936]: BUSY"}}
[info] >  Payment Request Recieved BOOM!!! for this amount >>>  32999 {"user":"Payment Request Recieved BOOM!!! for this amount >>>  32999","metadata":{"emulator":{"name":"functions"},"function":{"name":"us-central1-api"},"extension":{},"message":"\u001b[90m> \u001b[39m Payment Request Recieved BOOM!!! for this amount >>>  32999"}}
[debug] [2023-10-09T00:51:11.134Z] Finishing up request with event=pause {"metadata":{"emulator":{"name":"functions"},"function":{"name":"us-central1-api"},"extension":{},"message":"Finishing up request with event=pause"}}
[info] i  functions: Finished "us-central1-api" in 195.8469ms {"metadata":{"emulator":{"name":"functions"},"function":{"name":"us-central1-api"},"extension":{},"message":"Finished \"us-central1-api\" in 195.8469ms"}}
[debug] [2023-10-09T00:51:11.136Z] [worker-us-central1-api-44f9ecb4-0be5-4953-8896-46fbff431936]: IDLE {"metadata":{"emulator":{"name":"functions"},"function":{"name":"us-central1-api"},"extension":{},"message":"[worker-us-central1-api-44f9ecb4-0be5-4953-8896-46fbff431936]: IDLE"}}
[debug] [2023-10-09T00:51:11.136Z] Finishing up request with event=finish {"metadata":{"emulator":{"name":"functions"},"function":{"name":"us-central1-api"},"extension":{},"message":"Finishing up request with event=finish"}}
[debug] [2023-10-09T00:51:11.136Z] Finishing up request with event=close {"metadata":{"emulator":{"name":"functions"},"function":{"name":"us-central1-api"},"extension":{},"message":"Finishing up request with event=close"}}
[debug] [2023-10-09T00:51:11.136Z] [work-queue] {"queuedWork":[],"queueLength":0,"runningWork":[],"workRunningCount":0}
[debug] [2023-10-09T00:51:15.731Z] [work-queue] {"queuedWork":["/clon-8fe2a/us-central1/api/payments/create-2023-10-09T00:51:15.731Z"],"queueLength":1,"runningWork":[],"workRunningCount":0}
[debug] [2023-10-09T00:51:15.731Z] [work-queue] {"queuedWork":[],"queueLength":0,"runningWork":["/clon-8fe2a/us-central1/api/payments/create-2023-10-09T00:51:15.731Z"],"workRunningCount":1}
[debug] [2023-10-09T00:51:15.731Z] Accepted request POST /clon-8fe2a/us-central1/api/payments/create?total=32999 --> us-central1-api
[debug] [2023-10-09T00:51:15.735Z] [functions] Runtime ready! Sending request! {"metadata":{"emulator":{"name":"functions"},"message":"[functions] Runtime ready! Sending request!"}}
[debug] [2023-10-09T00:51:15.735Z] [functions] Got req.url=/clon-8fe2a/us-central1/api/payments/create?total=32999, mapping to path=/payments/create?total=32999 {"metadata":{"emulator":{"name":"functions"},"message":"[functions] Got req.url=/clon-8fe2a/us-central1/api/payments/create?total=32999, mapping to path=/payments/create?total=32999"}}
[debug] [2023-10-09T00:51:15.735Z] [worker-pool] submitRequest(triggerId=us-central1-api) {"metadata":{"emulator":{"name":"functions"},"message":"[worker-pool] submitRequest(triggerId=us-central1-api)"}}
[info] i  functions: Beginning execution of "us-central1-api" {"metadata":{"emulator":{"name":"functions"},"function":{"name":"us-central1-api"},"extension":{},"message":"Beginning execution of \"us-central1-api\""}}
[debug] [2023-10-09T00:51:15.736Z] [worker-us-central1-api-44f9ecb4-0be5-4953-8896-46fbff431936]: BUSY {"metadata":{"emulator":{"name":"functions"},"function":{"name":"us-central1-api"},"extension":{},"message":"[worker-us-central1-api-44f9ecb4-0be5-4953-8896-46fbff431936]: BUSY"}}
[debug] [2023-10-09T00:51:15.739Z] [work-queue] {"queuedWork":["/clon-8fe2a/us-central1/api/payments/create-2023-10-09T00:51:15.739Z"],"queueLength":1,"runningWork":["/clon-8fe2a/us-central1/api/payments/create-2023-10-09T00:51:15.731Z"],"workRunningCount":1}
[debug] [2023-10-09T00:51:15.739Z] [work-queue] {"queuedWork":[],"queueLength":0,"runningWork":["/clon-8fe2a/us-central1/api/payments/create-2023-10-09T00:51:15.731Z","/clon-8fe2a/us-central1/api/payments/create-2023-10-09T00:51:15.739Z"],"workRunningCount":2}
[debug] [2023-10-09T00:51:15.739Z] Accepted request POST /clon-8fe2a/us-central1/api/payments/create?total=32999 --> us-central1-api
[debug] [2023-10-09T00:51:15.742Z] [functions] Runtime ready! Sending request! {"metadata":{"emulator":{"name":"functions"},"message":"[functions] Runtime ready! Sending request!"}}
[debug] [2023-10-09T00:51:15.743Z] [functions] Got req.url=/clon-8fe2a/us-central1/api/payments/create?total=32999, mapping to path=/payments/create?total=32999 {"metadata":{"emulator":{"name":"functions"},"message":"[functions] Got req.url=/clon-8fe2a/us-central1/api/payments/create?total=32999, mapping to path=/payments/create?total=32999"}}
[debug] [2023-10-09T00:51:15.743Z] [worker-pool] submitRequest(triggerId=us-central1-api) {"metadata":{"emulator":{"name":"functions"},"message":"[worker-pool] submitRequest(triggerId=us-central1-api)"}}
[info] i  functions: Beginning execution of "us-central1-api" {"metadata":{"emulator":{"name":"functions"},"function":{"name":"us-central1-api"},"extension":{},"message":"Beginning execution of \"us-central1-api\""}}
[debug] [2023-10-09T00:51:15.744Z] [worker-us-central1-api-a11275b8-a2b5-4e3e-a64a-ff822359fa77]: BUSY {"metadata":{"emulator":{"name":"functions"},"function":{"name":"us-central1-api"},"extension":{},"message":"[worker-us-central1-api-a11275b8-a2b5-4e3e-a64a-ff822359fa77]: BUSY"}}
[info] >  Payment Request Recieved BOOM!!! for this amount >>>  32999 {"user":"Payment Request Recieved BOOM!!! for this amount >>>  32999","metadata":{"emulator":{"name":"functions"},"function":{"name":"us-central1-api"},"extension":{},"message":"\u001b[90m> \u001b[39m Payment Request Recieved BOOM!!! for this amount >>>  32999"}}
[info] >  Payment Request Recieved BOOM!!! for this amount >>>  32999 {"user":"Payment Request Recieved BOOM!!! for this amount >>>  32999","metadata":{"emulator":{"name":"functions"},"function":{"name":"us-central1-api"},"extension":{},"message":"\u001b[90m> \u001b[39m Payment Request Recieved BOOM!!! for this amount >>>  32999"}}
[debug] [2023-10-09T00:51:15.922Z] Finishing up request with event=pause {"metadata":{"emulator":{"name":"functions"},"function":{"name":"us-central1-api"},"extension":{},"message":"Finishing up request with event=pause"}}
[info] i  functions: Finished "us-central1-api" in 186.3863ms {"metadata":{"emulator":{"name":"functions"},"function":{"name":"us-central1-api"},"extension":{},"message":"Finished \"us-central1-api\" in 186.3863ms"}}
[debug] [2023-10-09T00:51:15.924Z] [worker-us-central1-api-44f9ecb4-0be5-4953-8896-46fbff431936]: IDLE {"metadata":{"emulator":{"name":"functions"},"function":{"name":"us-central1-api"},"extension":{},"message":"[worker-us-central1-api-44f9ecb4-0be5-4953-8896-46fbff431936]: IDLE"}}
[debug] [2023-10-09T00:51:15.925Z] Finishing up request with event=finish {"metadata":{"emulator":{"name":"functions"},"function":{"name":"us-central1-api"},"extension":{},"message":"Finishing up request with event=finish"}}
[debug] [2023-10-09T00:51:15.925Z] Finishing up request with event=close {"metadata":{"emulator":{"name":"functions"},"function":{"name":"us-central1-api"},"extension":{},"message":"Finishing up request with event=close"}}
[debug] [2023-10-09T00:51:15.925Z] [work-queue] {"queuedWork":[],"queueLength":0,"runningWork":["/clon-8fe2a/us-central1/api/payments/create-2023-10-09T00:51:15.739Z"],"workRunningCount":1}
[debug] [2023-10-09T00:51:16.272Z] Finishing up request with event=pause {"metadata":{"emulator":{"name":"functions"},"function":{"name":"us-central1-api"},"extension":{},"message":"Finishing up request with event=pause"}}
[info] i  functions: Finished "us-central1-api" in 528.1492ms {"metadata":{"emulator":{"name":"functions"},"function":{"name":"us-central1-api"},"extension":{},"message":"Finished \"us-central1-api\" in 528.1492ms"}}
[debug] [2023-10-09T00:51:16.274Z] [worker-us-central1-api-a11275b8-a2b5-4e3e-a64a-ff822359fa77]: IDLE {"metadata":{"emulator":{"name":"functions"},"function":{"name":"us-central1-api"},"extension":{},"message":"[worker-us-central1-api-a11275b8-a2b5-4e3e-a64a-ff822359fa77]: IDLE"}}
[debug] [2023-10-09T00:51:16.274Z] Finishing up request with event=finish {"metadata":{"emulator":{"name":"functions"},"function":{"name":"us-central1-api"},"extension":{},"message":"Finishing up request with event=finish"}}
[debug] [2023-10-09T00:51:16.274Z] Finishing up request with event=close {"metadata":{"emulator":{"name":"functions"},"function":{"name":"us-central1-api"},"extension":{},"message":"Finishing up request with event=close"}}
[debug] [2023-10-09T00:51:16.274Z] [work-queue] {"queuedWork":[],"queueLength":0,"runningWork":[],"workRunningCount":0}
[debug] [2023-10-09T00:51:23.463Z] [work-queue] {"queuedWork":["/clon-8fe2a/us-central1/api/payments/create-2023-10-09T00:51:23.463Z"],"queueLength":1,"runningWork":[],"workRunningCount":0}
[debug] [2023-10-09T00:51:23.464Z] [work-queue] {"queuedWork":[],"queueLength":0,"runningWork":["/clon-8fe2a/us-central1/api/payments/create-2023-10-09T00:51:23.463Z"],"workRunningCount":1}
[debug] [2023-10-09T00:51:23.464Z] Accepted request POST /clon-8fe2a/us-central1/api/payments/create?total=32999 --> us-central1-api
[debug] [2023-10-09T00:51:23.466Z] [functions] Runtime ready! Sending request! {"metadata":{"emulator":{"name":"functions"},"message":"[functions] Runtime ready! Sending request!"}}
[debug] [2023-10-09T00:51:23.466Z] [functions] Got req.url=/clon-8fe2a/us-central1/api/payments/create?total=32999, mapping to path=/payments/create?total=32999 {"metadata":{"emulator":{"name":"functions"},"message":"[functions] Got req.url=/clon-8fe2a/us-central1/api/payments/create?total=32999, mapping to path=/payments/create?total=32999"}}
[debug] [2023-10-09T00:51:23.467Z] [worker-pool] submitRequest(triggerId=us-central1-api) {"metadata":{"emulator":{"name":"functions"},"message":"[worker-pool] submitRequest(triggerId=us-central1-api)"}}
[info] i  functions: Beginning execution of "us-central1-api" {"metadata":{"emulator":{"name":"functions"},"function":{"name":"us-central1-api"},"extension":{},"message":"Beginning execution of \"us-central1-api\""}}
[debug] [2023-10-09T00:51:23.467Z] [worker-us-central1-api-44f9ecb4-0be5-4953-8896-46fbff431936]: BUSY {"metadata":{"emulator":{"name":"functions"},"function":{"name":"us-central1-api"},"extension":{},"message":"[worker-us-central1-api-44f9ecb4-0be5-4953-8896-46fbff431936]: BUSY"}}
[debug] [2023-10-09T00:51:23.470Z] [work-queue] {"queuedWork":["/clon-8fe2a/us-central1/api/payments/create-2023-10-09T00:51:23.470Z"],"queueLength":1,"runningWork":["/clon-8fe2a/us-central1/api/payments/create-2023-10-09T00:51:23.463Z"],"workRunningCount":1}
[debug] [2023-10-09T00:51:23.470Z] [work-queue] {"queuedWork":[],"queueLength":0,"runningWork":["/clon-8fe2a/us-central1/api/payments/create-2023-10-09T00:51:23.463Z","/clon-8fe2a/us-central1/api/payments/create-2023-10-09T00:51:23.470Z"],"workRunningCount":2}
[debug] [2023-10-09T00:51:23.470Z] Accepted request POST /clon-8fe2a/us-central1/api/payments/create?total=32999 --> us-central1-api
[debug] [2023-10-09T00:51:23.473Z] [functions] Runtime ready! Sending request! {"metadata":{"emulator":{"name":"functions"},"message":"[functions] Runtime ready! Sending request!"}}
[debug] [2023-10-09T00:51:23.473Z] [functions] Got req.url=/clon-8fe2a/us-central1/api/payments/create?total=32999, mapping to path=/payments/create?total=32999 {"metadata":{"emulator":{"name":"functions"},"message":"[functions] Got req.url=/clon-8fe2a/us-central1/api/payments/create?total=32999, mapping to path=/payments/create?total=32999"}}
[debug] [2023-10-09T00:51:23.473Z] [worker-pool] submitRequest(triggerId=us-central1-api) {"metadata":{"emulator":{"name":"functions"},"message":"[worker-pool] submitRequest(triggerId=us-central1-api)"}}
[info] i  functions: Beginning execution of "us-central1-api" {"metadata":{"emulator":{"name":"functions"},"function":{"name":"us-central1-api"},"extension":{},"message":"Beginning execution of \"us-central1-api\""}}
[debug] [2023-10-09T00:51:23.474Z] [worker-us-central1-api-a11275b8-a2b5-4e3e-a64a-ff822359fa77]: BUSY {"metadata":{"emulator":{"name":"functions"},"function":{"name":"us-central1-api"},"extension":{},"message":"[worker-us-central1-api-a11275b8-a2b5-4e3e-a64a-ff822359fa77]: BUSY"}}
[info] >  Payment Request Recieved BOOM!!! for this amount >>>  32999 {"user":"Payment Request Recieved BOOM!!! for this amount >>>  32999","metadata":{"emulator":{"name":"functions"},"function":{"name":"us-central1-api"},"extension":{},"message":"\u001b[90m> \u001b[39m Payment Request Recieved BOOM!!! for this amount >>>  32999"}}
[info] >  Payment Request Recieved BOOM!!! for this amount >>>  32999 {"user":"Payment Request Recieved BOOM!!! for this amount >>>  32999","metadata":{"emulator":{"name":"functions"},"function":{"name":"us-central1-api"},"extension":{},"message":"\u001b[90m> \u001b[39m Payment Request Recieved BOOM!!! for this amount >>>  32999"}}
[debug] [2023-10-09T00:51:23.653Z] Finishing up request with event=pause {"metadata":{"emulator":{"name":"functions"},"function":{"name":"us-central1-api"},"extension":{},"message":"Finishing up request with event=pause"}}
[info] i  functions: Finished "us-central1-api" in 186.5008ms {"metadata":{"emulator":{"name":"functions"},"function":{"name":"us-central1-api"},"extension":{},"message":"Finished \"us-central1-api\" in 186.5008ms"}}
[debug] [2023-10-09T00:51:23.655Z] [worker-us-central1-api-44f9ecb4-0be5-4953-8896-46fbff431936]: IDLE {"metadata":{"emulator":{"name":"functions"},"function":{"name":"us-central1-api"},"extension":{},"message":"[worker-us-central1-api-44f9ecb4-0be5-4953-8896-46fbff431936]: IDLE"}}
[debug] [2023-10-09T00:51:23.655Z] Finishing up request with event=finish {"metadata":{"emulator":{"name":"functions"},"function":{"name":"us-central1-api"},"extension":{},"message":"Finishing up request with event=finish"}}
[debug] [2023-10-09T00:51:23.655Z] Finishing up request with event=close {"metadata":{"emulator":{"name":"functions"},"function":{"name":"us-central1-api"},"extension":{},"message":"Finishing up request with event=close"}}
[debug] [2023-10-09T00:51:23.655Z] [work-queue] {"queuedWork":[],"queueLength":0,"runningWork":["/clon-8fe2a/us-central1/api/payments/create-2023-10-09T00:51:23.470Z"],"workRunningCount":1}
[debug] [2023-10-09T00:51:23.692Z] Finishing up request with event=pause {"metadata":{"emulator":{"name":"functions"},"function":{"name":"us-central1-api"},"extension":{},"message":"Finishing up request with event=pause"}}
[info] i  functions: Finished "us-central1-api" in 218.4207ms {"metadata":{"emulator":{"name":"functions"},"function":{"name":"us-central1-api"},"extension":{},"message":"Finished \"us-central1-api\" in 218.4207ms"}}
[debug] [2023-10-09T00:51:23.694Z] [worker-us-central1-api-a11275b8-a2b5-4e3e-a64a-ff822359fa77]: IDLE {"metadata":{"emulator":{"name":"functions"},"function":{"name":"us-central1-api"},"extension":{},"message":"[worker-us-central1-api-a11275b8-a2b5-4e3e-a64a-ff822359fa77]: IDLE"}}
[debug] [2023-10-09T00:51:23.694Z] Finishing up request with event=finish {"metadata":{"emulator":{"name":"functions"},"function":{"name":"us-central1-api"},"extension":{},"message":"Finishing up request with event=finish"}}
[debug] [2023-10-09T00:51:23.694Z] Finishing up request with event=close {"metadata":{"emulator":{"name":"functions"},"function":{"name":"us-central1-api"},"extension":{},"message":"Finishing up request with event=close"}}
[debug] [2023-10-09T00:51:23.694Z] [work-queue] {"queuedWork":[],"queueLength":0,"runningWork":[],"workRunningCount":0}
